<?xml version="1.0" encoding="UTF-8"?>
<!-- Generated by org.testng.reporters.JUnitXMLReporter -->
<testsuite hostname="LAPTOP-PPEQG1E8" name="Default test" tests="4" failures="0" timestamp="20 Sep 2021 18:23:12 GMT" time="5.466" errors="0">
  <testcase name="insucessoLoginSenha" time="3.023" classname="pages.LoginRequisicoes"/>
  <testcase name="insucessoLoginUsuario" time="0.589" classname="pages.LoginRequisicoes"/>
  <testcase name="loginSenhaIncorreta" time="0.717" classname="pages.LoginRequisicoes"/>
  <testcase name="sucessoLogin" time="0.585" classname="pages.LoginRequisicoes"/>
</testsuite> <!-- Default test -->
