<?xml version="1.0" encoding="UTF-8"?>
<!-- Generated by org.testng.reporters.JUnitXMLReporter -->
<testsuite hostname="LAPTOP-PPEQG1E8" name="Test" tests="16" failures="0" timestamp="20 Sep 2021 18:26:33 GMT" time="14.129" errors="0">
  <testcase name="buscarUsuarioID" time="1.846" classname="pages.UsuariosRequisicoes"/>
  <testcase name="buscarUsuarioInexistente" time="0.09" classname="pages.UsuariosRequisicoes"/>
  <testcase name="criarUsuario" time="0.585" classname="pages.UsuariosRequisicoes"/>
  <testcase name="delayedResponse" time="3.585" classname="pages.UsuariosRequisicoes"/>
  <testcase name="deletarUsuario" time="0.654" classname="pages.UsuariosRequisicoes"/>
  <testcase name="deletarUsuarioIDInexistente" time="0.559" classname="pages.UsuariosRequisicoes"/>
  <testcase name="updateInfoUsuario" time="1.288" classname="pages.UsuariosRequisicoes"/>
  <testcase name="updateInfoUsuarioCompleto" time="0.547" classname="pages.UsuariosRequisicoes"/>
  <testcase name="validarListaUsuarios" time="0.129" classname="pages.UsuariosRequisicoes"/>
  <testcase name="insucessoLoginSenha" time="0.595" classname="pages.LoginRequisicoes"/>
  <testcase name="insucessoLoginUsuario" time="0.565" classname="pages.LoginRequisicoes"/>
  <testcase name="loginSenhaIncorreta" time="0.549" classname="pages.LoginRequisicoes"/>
  <testcase name="sucessoLogin" time="0.564" classname="pages.LoginRequisicoes"/>
  <testcase name="insucessoRegistroUsuario" time="0.613" classname="pages.RegisterRequisicoes"/>
  <testcase name="registroUsuarioEmailIncorreto" time="0.644" classname="pages.RegisterRequisicoes"/>
  <testcase name="sucessoRegistroUsuario" time="0.692" classname="pages.RegisterRequisicoes"/>
</testsuite> <!-- Test -->
